<?xml version="1.0" encoding="UTF-8"?>
<testsuite xmlns:xsi="http://www.w3.org/2001/XMLSchema-instance" xsi:noNamespaceSchemaLocation="https://maven.apache.org/surefire/maven-surefire-plugin/xsd/surefire-test-report.xsd" version="3.0.2" name="com.bajaj_api_assignment.Bajaj.API.round.BajajApiRoundApplicationTests" time="2.572" tests="1" errors="0" skipped="0" failures="0">
  <properties>
[...]
</properties>
  <testcase name="contextLoads" classname="com.bajaj_api_assignment.Bajaj.API.round.BajajApiRoundApplicationTests" time="0.397">
    <system-out><![CDATA[15:24:08.221 [main] INFO org.springframework.test.context.support.AnnotationConfigContextLoaderUtils -- Could not detect default configuration classes for test class [com.bajaj_api_assignment.Bajaj.API.round.BajajApiRoundApplicationTests]: BajajApiRoundApplicationTests does not declare any static, non-private, non-final, nested classes annotated with @Configuration.
15:24:08.277 [main] INFO org.springframework.boot.test.context.SpringBootTestContextBootstrapper -- Found @SpringBootConfiguration com.bajaj_api_assignment.Bajaj.API.round.BajajApiRoundApplication for test class com.bajaj_api_assignment.Bajaj.API.round.BajajApiRoundApplicationTests
15:24:08.357 [main] INFO org.springframework.boot.devtools.restart.RestartApplicationListener -- Restart disabled due to context in which it is running

  .   ____          _            __ _ _
 /\\ / ___'_ __ _ _(_)_ __  __ _ \ \ \ \
( ( )\___ | '_ | '_| | '_ \/ _` | \ \ \ \
 \\/  ___)| |_)| | | | | || (_| |  ) ) ) )
  '  |____| .__|_| |_|_| |_\__, | / / / /
 =========|_|==============|___/=/_/_/_/

 :: Spring Boot ::               (v3.4.10)

2025-09-22T15:24:08.483+05:30  INFO 70307 --- [Bajaj-API-round] [           main] c.b.B.A.r.BajajApiRoundApplicationTests  : Starting BajajApiRoundApplicationTests using Java 25 with PID 70307 (started by yashpanchal in /Users/yashpanchal/Desktop/Bajaj-API-round)
2025-09-22T15:24:08.485+05:30  INFO 70307 --- [Bajaj-API-round] [           main] c.b.B.A.r.BajajApiRoundApplicationTests  : No active profile set, falling back to 1 default profile: "default"
2025-09-22T15:24:08.823+05:30  INFO 70307 --- [Bajaj-API-round] [           main] .s.d.r.c.RepositoryConfigurationDelegate : Multiple Spring Data modules found, entering strict repository configuration mode
2025-09-22T15:24:08.824+05:30  INFO 70307 --- [Bajaj-API-round] [           main] .s.d.r.c.RepositoryConfigurationDelegate : Bootstrapping Spring Data JDBC repositories in DEFAULT mode.
2025-09-22T15:24:08.834+05:30  INFO 70307 --- [Bajaj-API-round] [           main] .s.d.r.c.RepositoryConfigurationDelegate : Finished Spring Data repository scanning in 7 ms. Found 0 JDBC repository interfaces.
2025-09-22T15:24:08.844+05:30  INFO 70307 --- [Bajaj-API-round] [           main] .s.d.r.c.RepositoryConfigurationDelegate : Multiple Spring Data modules found, entering strict repository configuration mode
2025-09-22T15:24:08.844+05:30  INFO 70307 --- [Bajaj-API-round] [           main] .s.d.r.c.RepositoryConfigurationDelegate : Bootstrapping Spring Data JPA repositories in DEFAULT mode.
2025-09-22T15:24:08.849+05:30  INFO 70307 --- [Bajaj-API-round] [           main] .s.d.r.c.RepositoryConfigurationDelegate : Finished Spring Data repository scanning in 1 ms. Found 0 JPA repository interfaces.
2025-09-22T15:24:09.036+05:30  INFO 70307 --- [Bajaj-API-round] [           main] o.hibernate.jpa.internal.util.LogHelper  : HHH000204: Processing PersistenceUnitInfo [name: default]
2025-09-22T15:24:09.067+05:30  INFO 70307 --- [Bajaj-API-round] [           main] org.hibernate.Version                    : HHH000412: Hibernate ORM core version 6.6.29.Final
2025-09-22T15:24:09.085+05:30  INFO 70307 --- [Bajaj-API-round] [           main] o.h.c.internal.RegionFactoryInitiator    : HHH000026: Second-level cache disabled
2025-09-22T15:24:09.226+05:30  INFO 70307 --- [Bajaj-API-round] [           main] o.s.o.j.p.SpringPersistenceUnitInfo      : No LoadTimeWeaver setup: ignoring JPA class transformer
2025-09-22T15:24:09.240+05:30  INFO 70307 --- [Bajaj-API-round] [           main] com.zaxxer.hikari.HikariDataSource       : HikariPool-1 - Starting...
2025-09-22T15:24:09.336+05:30  INFO 70307 --- [Bajaj-API-round] [           main] com.zaxxer.hikari.pool.HikariPool        : HikariPool-1 - Added connection conn0: url=jdbc:h2:mem:testdb user=SA
2025-09-22T15:24:09.337+05:30  INFO 70307 --- [Bajaj-API-round] [           main] com.zaxxer.hikari.HikariDataSource       : HikariPool-1 - Start completed.
2025-09-22T15:24:09.352+05:30  WARN 70307 --- [Bajaj-API-round] [           main] org.hibernate.orm.deprecation            : HHH90000025: H2Dialect does not need to be specified explicitly using 'hibernate.dialect' (remove the property setting and it will be selected by default)
2025-09-22T15:24:09.364+05:30  INFO 70307 --- [Bajaj-API-round] [           main] org.hibernate.orm.connections.pooling    : HHH10001005: Database info:
	Database JDBC URL [Connecting through datasource 'HikariDataSource (HikariPool-1)']
	Database driver: undefined/unknown
	Database version: 2.3.232
	Autocommit mode: undefined/unknown
	Isolation level: undefined/unknown
	Minimum pool size: undefined/unknown
	Maximum pool size: undefined/unknown
2025-09-22T15:24:09.520+05:30  INFO 70307 --- [Bajaj-API-round] [           main] o.h.e.t.j.p.i.JtaPlatformInitiator       : HHH000489: No JTA platform available (set 'hibernate.transaction.jta.platform' to enable JTA platform integration)
2025-09-22T15:24:09.523+05:30  INFO 70307 --- [Bajaj-API-round] [           main] j.LocalContainerEntityManagerFactoryBean : Initialized JPA EntityManagerFactory for persistence unit 'default'
2025-09-22T15:24:09.600+05:30  WARN 70307 --- [Bajaj-API-round] [           main] JpaBaseConfiguration$JpaWebConfiguration : spring.jpa.open-in-view is enabled by default. Therefore, database queries may be performed during view rendering. Explicitly configure spring.jpa.open-in-view to disable this warning
2025-09-22T15:24:09.809+05:30  INFO 70307 --- [Bajaj-API-round] [           main] o.s.b.a.h2.H2ConsoleAutoConfiguration    : H2 console available at '/h2-console'. Database available at 'jdbc:h2:mem:testdb'
2025-09-22T15:24:09.833+05:30  INFO 70307 --- [Bajaj-API-round] [           main] c.b.B.A.r.BajajApiRoundApplicationTests  : Started BajajApiRoundApplicationTests in 1.483 seconds (process running for 1.909)

📡 Step 1: Generating webhook...
Request Details: Name=Yash Panchal, RegNo=0101CS221153, Email=pclyash@gmail.com
Response Status: 200 OK
✅ Webhook URL received: https://bfhldevapigw.healthrx.co.in/hiring/testWebhook/JAVA
🔑 Access Token received: eyJhbGciOi...gsByg

📊 Step 2: Determining SQL query based on registration number...
Registration number: 0101CS221153
Last two digits: 53
Question type: Question 1 (Odd)
⚠️ Using Question 1 query - Please verify this matches the requirements!
SQL Query: 
SELECT
    p.AMOUNT AS SALARY,
    CONCAT(e.FIRST_NAME, ' ', e.LAST_NAME) AS NAME,
    YEAR(CURRENT_DATE) - YEAR(e.DOB) AS AGE,
    d.DEPARTMENT_NAME
FROM PAYMENTS p
INNER JOIN EMPLOYEE e ON p.EMP_ID = e.EMP_ID
INNER JOIN DEPARTMENT d ON e.DEPARTMENT = d.DEPARTMENT_ID
WHERE DAY(p.PAYMENT_TIME) = 1
ORDER BY p.AMOUNT DESC
LIMIT 1
✅ SQL Query prepared

📤 Step 3: Submitting solution to webhook...
Submitting to: https://bfhldevapigw.healthrx.co.in/hiring/testWebhook/JAVA
✅ Solution submitted successfully!
Response Status: 200 OK
Response Body: {"success":true,"message":"Webhook processed successfully"}

========================================
✨ Process completed successfully!
========================================
]]></system-out>
    <system-err><![CDATA[Mockito is currently self-attaching to enable the inline-mock-maker. This will no longer work in future releases of the JDK. Please add Mockito as an agent to your build what is described in Mockito's documentation: https://javadoc.io/doc/org.mockito/mockito-core/latest/org/mockito/Mockito.html#0.3
WARNING: A Java agent has been loaded dynamically (/Users/yashpanchal/.m2/repository/net/bytebuddy/byte-buddy-agent/1.15.11/byte-buddy-agent-1.15.11.jar)
WARNING: If a serviceability tool is in use, please run with -XX:+EnableDynamicAgentLoading to hide this warning
WARNING: If a serviceability tool is not in use, please run with -Djdk.instrument.traceUsage for more information
WARNING: Dynamic loading of agents will be disallowed by default in a future release
]]></system-err>
  </testcase>
</testsuite>